Exporter version: 5.6.3, Blender version: 2.79 (sub 0)
========= Conversion from Blender to Babylon.js =========
	Scene settings used :
		export scope        :  ALL
		inline textures     :  false
		Positions Precision :  4
		Normals Precision   :  3
		UVs Precision       :  3
		Vert Color Precision:  3
		Mat Weight Precision:  2
		texture directory   :  C:\PROJECTS\projects-babylonjs\github.ts\Vishva.ts\vishva\assets\characters\Joan\
	Python World class constructor completed
	processing begun of skeleton:  Armature, id:  0
		processing begun of bone:  hip, index:  0
		processing begun of bone:  rThigh, index:  1
		processing begun of bone:  rShin, index:  2
		processing begun of bone:  rFoot, index:  3
		processing begun of bone:  abdomen, index:  4
		processing begun of bone:  chest, index:  5
		processing begun of bone:  neckDummy, index:  6
		processing begun of bone:  neck, index:  7
		processing begun of bone:  head, index:  8
		processing begun of bone:  figureHair, index:  9
		processing begun of bone:  rCollar, index:  10
		processing begun of bone:  rShldr, index:  11
		processing begun of bone:  rForeArm, index:  12
		processing begun of bone:  rHand, index:  13
		processing begun of bone:  lCollar, index:  14
		processing begun of bone:  lShldr, index:  15
		processing begun of bone:  lForeArm, index:  16
		processing begun of bone:  lHand, index:  17
		processing begun of bone:  lThigh, index:  18
		processing begun of bone:  lShin, index:  19
		processing begun of bone:  lFoot, index:  20
		processing action idle:  in[0 - 90], out[0 - 90]
		processing action idleJump:  in[0 - 42], out[100 - 142]
		processing action jump:  in[0 - 1], out[150 - 151]
		processing action run:  in[0 - 21], out[160 - 181]
		processing action runJump:  in[0 - 32], out[190 - 222]
		processing action strafeLeft:  in[0 - 44], out[230 - 274]
		processing action strafeRight:  in[0 - 44], out[280 - 324]
		processing action turnLeft:  in[0 - 22], out[330 - 352]
		processing action turnRight:  in[0 - 22], out[360 - 382]
		processing action walk:  in[0 - 29], out[390 - 419]
		processing action walkBack:  in[0 - 26], out[430 - 456]
		processing action z:  in[0 - 1], out[470 - 471]
	processing begun of camera (UniversalCamera):  Camera
	processing begun of mesh:  Joan
		animation processing begun
			processing action idle:  in[0 - 90], out[0 - 90]
			processing action idleJump:  in[0 - 41], out[100 - 141]
			processing action jump:  in[0 - 1], out[150 - 151]
			processing action run:  in[0 - 21], out[160 - 181]
			processing action runJump:  in[0 - 32], out[190 - 222]
			processing action strafeLeft:  in[0 - 44], out[230 - 274]
			processing action strafeRight:  in[0 - 44], out[280 - 324]
			processing action turnLeft:  in[0 - 22], out[330 - 352]
			processing action turnRight:  in[0 - 22], out[360 - 382]
			processing action walk:  in[0 - 29], out[390 - 419]
			processing action walkBack:  in[0 - 26], out[430 - 456]
			processing action z:  in[0 - 1], out[470 - 471]
		processing begun of Standard material:  Joan-material.001
			Diffuse texture found "Joan-texture.001"
				Image texture found, type:  diffuseTexture, mapped using: "UVTex"
	WARNING: Error encountered processing image file:  , Error:  'C:\\PROJECTS\\projects-babylonjs\\github.ts\\Vishva.ts\\vishva\\assets\\characters\\Joan\\Joan_texture_image.jpg' and 'C:\\PROJECTS\\projects-babylonjs\\github.ts\\Vishva.ts\\vishva\\assets\\characters\\Joan\\Joan_texture_image.jpg' are the same file
		num positions      :  3353
		num normals        :  3353
		num uvs            :  6706
		num uvs2           :  0
		num colors         :  0
		num indices        :  13452
		Skeleton stats:  
			Total Influencers:  7179
			Avg # of influencers per vertex:  2.1411
			Highest # of influencers observed:  7, num vertices with this:  2
			exported as 7 influencers
			num skeletonWeights and skeletonIndices:  26824
	processing begun of light (HEMI):  Lamp
========= Writing of scene file started =========
========= Writing of scene file completed =========
========= end of processing =========
elapsed time:  0 min, 5.406 secs
